0 info it worked if it ends with ok
1 verbose cli [ '/usr/local/Cellar/node/7.0.0/bin/node',
1 verbose cli   '/usr/local/bin/npm',
1 verbose cli   'run',
1 verbose cli   'dev' ]
2 info using npm@3.10.8
3 info using node@v7.0.0
4 verbose run-script [ 'predev', 'dev', 'postdev' ]
5 info lifecycle url_shortener_anna_beddow@1.0.0~predev: url_shortener_anna_beddow@1.0.0
6 silly lifecycle url_shortener_anna_beddow@1.0.0~predev: no script for predev, continuing
7 info lifecycle url_shortener_anna_beddow@1.0.0~dev: url_shortener_anna_beddow@1.0.0
8 verbose lifecycle url_shortener_anna_beddow@1.0.0~dev: unsafe-perm in lifecycle true
9 verbose lifecycle url_shortener_anna_beddow@1.0.0~dev: PATH: /usr/local/lib/node_modules/npm/bin/node-gyp-bin:/Users/anna/Desktop/url_shortener_anna_beddow/node_modules/.bin:/usr/local/Cellar/node/7.0.0/bin:/Users/anna/.rvm/gems/ruby-2.3.1/bin:/Users/anna/.rvm/gems/ruby-2.3.1@global/bin:/Users/anna/.rvm/rubies/ruby-2.3.1/bin:/usr/local/bin:/usr/bin:/bin:/usr/sbin:/sbin:/Users/anna/.rvm/bin:/Applications/Postgres.app/Contents/Versions/latest/bin:/Users/anna/geckodriver:./node_modules/.bin
10 verbose lifecycle url_shortener_anna_beddow@1.0.0~dev: CWD: /Users/anna/Desktop/url_shortener_anna_beddow
11 silly lifecycle url_shortener_anna_beddow@1.0.0~dev: Args: [ '-c', 'webpack --wd' ]
12 silly lifecycle url_shortener_anna_beddow@1.0.0~dev: Returned: code: 1  signal: null
13 info lifecycle url_shortener_anna_beddow@1.0.0~dev: Failed to exec dev script
14 verbose stack Error: url_shortener_anna_beddow@1.0.0 dev: `webpack --wd`
14 verbose stack Exit status 1
14 verbose stack     at EventEmitter.<anonymous> (/usr/local/lib/node_modules/npm/lib/utils/lifecycle.js:255:16)
14 verbose stack     at emitTwo (events.js:106:13)
14 verbose stack     at EventEmitter.emit (events.js:191:7)
14 verbose stack     at ChildProcess.<anonymous> (/usr/local/lib/node_modules/npm/lib/utils/spawn.js:40:14)
14 verbose stack     at emitTwo (events.js:106:13)
14 verbose stack     at ChildProcess.emit (events.js:191:7)
14 verbose stack     at maybeClose (internal/child_process.js:877:16)
14 verbose stack     at Process.ChildProcess._handle.onexit (internal/child_process.js:226:5)
15 verbose pkgid url_shortener_anna_beddow@1.0.0
16 verbose cwd /Users/anna/Desktop/url_shortener_anna_beddow
17 error Darwin 15.6.0
18 error argv "/usr/local/Cellar/node/7.0.0/bin/node" "/usr/local/bin/npm" "run" "dev"
19 error node v7.0.0
20 error npm  v3.10.8
21 error code ELIFECYCLE
22 error url_shortener_anna_beddow@1.0.0 dev: `webpack --wd`
22 error Exit status 1
23 error Failed at the url_shortener_anna_beddow@1.0.0 dev script 'webpack --wd'.
23 error Make sure you have the latest version of node.js and npm installed.
23 error If you do, this is most likely a problem with the url_shortener_anna_beddow package,
23 error not with npm itself.
23 error Tell the author that this fails on your system:
23 error     webpack --wd
23 error You can get information on how to open an issue for this project with:
23 error     npm bugs url_shortener_anna_beddow
23 error Or if that isn't available, you can get their info via:
23 error     npm owner ls url_shortener_anna_beddow
23 error There is likely additional logging output above.
24 verbose exit [ 1, true ]
